{"/Users/ederramirez/Sites/mobilender/src/axiosClient.js": {"path":"/Users/ederramirez/Sites/mobilender/src/axiosClient.js","statementMap":{"0":{"start":{"line":3,"column":17},"end":{"line":7,"column":2}}},"fnMap":{},"branchMap":{},"s":{"0":1},"f":{},"b":{},"_coverageSchema":"43e27e138ebf9cfc5966b082cf9a028302ed4184","hash":"fe01b75d4ed8db5a02cad33d43e750088994d5a5"}
,"/Users/ederramirez/Sites/mobilender/src/components/AppButton.vue": {"path":"/Users/ederramirez/Sites/mobilender/src/components/AppButton.vue","statementMap":{"0":{"start":{"line":11,"column":15},"end":{"line":11,"column":null}},"1":{"start":{"line":19,"column":4},"end":{"line":19,"column":11}}},"fnMap":{"0":{"name":"(anonymous_0)","decl":{"start":{"line":18,"column":2},"end":{"line":18,"column":7}},"loc":{"start":{"line":18,"column":10},"end":{"line":20,"column":null}}}},"branchMap":{},"s":{"0":2,"1":7},"f":{"0":7},"b":{}}
,"/Users/ederramirez/Sites/mobilender/src/components/ErrorAlert.vue": {"path":"/Users/ederramirez/Sites/mobilender/src/components/ErrorAlert.vue","statementMap":{"0":{"start":{"line":8,"column":15},"end":{"line":8,"column":null}},"1":{"start":{"line":10,"column":4},"end":{"line":10,"column":11}}},"fnMap":{"0":{"name":"(anonymous_0)","decl":{"start":{"line":9,"column":2},"end":{"line":9,"column":7}},"loc":{"start":{"line":9,"column":10},"end":{"line":11,"column":null}}}},"branchMap":{},"s":{"0":1,"1":3},"f":{"0":3},"b":{}}
,"/Users/ederramirez/Sites/mobilender/src/components/Loader.vue": {"path":"/Users/ederramirez/Sites/mobilender/src/components/Loader.vue","statementMap":{"0":{"start":{"line":13,"column":15},"end":{"line":13,"column":null}},"1":{"start":{"line":15,"column":4},"end":{"line":15,"column":11}}},"fnMap":{"0":{"name":"(anonymous_0)","decl":{"start":{"line":14,"column":2},"end":{"line":14,"column":7}},"loc":{"start":{"line":14,"column":10},"end":{"line":16,"column":null}}}},"branchMap":{},"s":{"0":2,"1":3},"f":{"0":3},"b":{}}
,"/Users/ederramirez/Sites/mobilender/src/pages/Login.vue": {"path":"/Users/ederramirez/Sites/mobilender/src/pages/Login.vue","statementMap":{"0":{"start":{"line":32,"column":0},"end":{"line":32,"column":null}},"1":{"start":{"line":33,"column":0},"end":{"line":33,"column":null}},"2":{"start":{"line":34,"column":0},"end":{"line":34,"column":null}},"3":{"start":{"line":35,"column":0},"end":{"line":35,"column":null}},"4":{"start":{"line":36,"column":0},"end":{"line":36,"column":null}},"5":{"start":{"line":37,"column":0},"end":{"line":37,"column":null}},"6":{"start":{"line":38,"column":15},"end":{"line":38,"column":null}},"7":{"start":{"line":41,"column":18},"end":{"line":41,"column":22}},"8":{"start":{"line":42,"column":21},"end":{"line":42,"column":25}},"9":{"start":{"line":43,"column":16},"end":{"line":43,"column":20}},"10":{"start":{"line":44,"column":18},"end":{"line":44,"column":22}},"11":{"start":{"line":46,"column":19},"end":{"line":46,"column":null}},"12":{"start":{"line":49,"column":17},"end":{"line":49,"column":null}},"13":{"start":{"line":50,"column":6},"end":{"line":50,"column":13}},"14":{"start":{"line":54,"column":6},"end":{"line":58,"column":null}},"15":{"start":{"line":55,"column":8},"end":{"line":55,"column":15}},"16":{"start":{"line":56,"column":8},"end":{"line":56,"column":13}},"17":{"start":{"line":57,"column":8},"end":{"line":57,"column":15}},"18":{"start":{"line":60,"column":6},"end":{"line":64,"column":null}},"19":{"start":{"line":61,"column":8},"end":{"line":61,"column":15}},"20":{"start":{"line":62,"column":8},"end":{"line":62,"column":13}},"21":{"start":{"line":63,"column":8},"end":{"line":63,"column":15}},"22":{"start":{"line":66,"column":6},"end":{"line":66,"column":11}},"23":{"start":{"line":67,"column":6},"end":{"line":67,"column":13}},"24":{"start":{"line":70,"column":21},"end":{"line":94,"column":null}},"25":{"start":{"line":71,"column":6},"end":{"line":73,"column":null}},"26":{"start":{"line":72,"column":8},"end":{"line":72,"column":null}},"27":{"start":{"line":74,"column":6},"end":{"line":93,"column":null}},"28":{"start":{"line":75,"column":8},"end":{"line":75,"column":15}},"29":{"start":{"line":76,"column":20},"end":{"line":76,"column":38}},"30":{"start":{"line":80,"column":8},"end":{"line":80,"column":15}},"31":{"start":{"line":82,"column":8},"end":{"line":82,"column":20}},"32":{"start":{"line":83,"column":8},"end":{"line":83,"column":15}},"33":{"start":{"line":84,"column":8},"end":{"line":84,"column":14}},"34":{"start":{"line":86,"column":8},"end":{"line":86,"column":15}},"35":{"start":{"line":87,"column":8},"end":{"line":87,"column":15}},"36":{"start":{"line":91,"column":8},"end":{"line":91,"column":15}},"37":{"start":{"line":92,"column":8},"end":{"line":92,"column":13}},"38":{"start":{"line":96,"column":4},"end":{"line":96,"column":11}}},"fnMap":{"0":{"name":"(anonymous_0)","decl":{"start":{"line":40,"column":2},"end":{"line":40,"column":7}},"loc":{"start":{"line":40,"column":10},"end":{"line":103,"column":null}}},"1":{"name":"validateEmail","decl":{"start":{"line":48,"column":13},"end":{"line":48,"column":27}},"loc":{"start":{"line":48,"column":34},"end":{"line":51,"column":null}}},"2":{"name":"validateFields","decl":{"start":{"line":53,"column":13},"end":{"line":53,"column":30}},"loc":{"start":{"line":53,"column":30},"end":{"line":68,"column":null}}},"3":{"name":"(anonymous_3)","decl":{"start":{"line":70,"column":21},"end":{"line":70,"column":33}},"loc":{"start":{"line":70,"column":33},"end":{"line":94,"column":null}}}},"branchMap":{"0":{"loc":{"start":{"line":54,"column":6},"end":{"line":58,"column":null}},"type":"if","locations":[{"start":{"line":54,"column":6},"end":{"line":58,"column":null}},{"start":{"line":54,"column":6},"end":{"line":58,"column":null}}]},"1":{"loc":{"start":{"line":54,"column":10},"end":{"line":54,"column":26}},"type":"binary-expr","locations":[{"start":{"line":54,"column":10},"end":{"line":54,"column":26}},{"start":{"line":54,"column":26},"end":{"line":54,"column":43}}]},"2":{"loc":{"start":{"line":60,"column":6},"end":{"line":64,"column":null}},"type":"if","locations":[{"start":{"line":60,"column":6},"end":{"line":64,"column":null}},{"start":{"line":60,"column":6},"end":{"line":64,"column":null}}]},"3":{"loc":{"start":{"line":71,"column":6},"end":{"line":73,"column":null}},"type":"if","locations":[{"start":{"line":71,"column":6},"end":{"line":73,"column":null}},{"start":{"line":71,"column":6},"end":{"line":73,"column":null}}]}},"s":{"0":1,"1":1,"2":1,"3":1,"4":1,"5":1,"6":1,"7":4,"8":4,"9":4,"10":4,"11":4,"12":3,"13":3,"14":4,"15":1,"16":1,"17":1,"18":3,"19":1,"20":1,"21":1,"22":2,"23":2,"24":4,"25":4,"26":2,"27":2,"28":2,"29":2,"30":1,"31":1,"32":1,"33":1,"34":2,"35":2,"36":1,"37":1,"38":4},"f":{"0":4,"1":3,"2":4,"3":4},"b":{"0":[1,3],"1":[4,3],"2":[1,2],"3":[2,2]}}
}
