TN:
SF:/Users/ederramirez/Sites/mobilender/src/axiosClient.js
FNF:0
FNH:0
DA:3,1
LF:1
LH:1
BRF:0
BRH:0
end_of_record
TN:
SF:/Users/ederramirez/Sites/mobilender/src/components/AppButton.vue
FN:18,(anonymous_0)
FNF:1
FNH:1
FNDA:7,(anonymous_0)
DA:11,2
DA:19,7
LF:2
LH:2
BRF:0
BRH:0
end_of_record
TN:
SF:/Users/ederramirez/Sites/mobilender/src/components/ErrorAlert.vue
FN:9,(anonymous_0)
FNF:1
FNH:1
FNDA:3,(anonymous_0)
DA:8,1
DA:10,3
LF:2
LH:2
BRF:0
BRH:0
end_of_record
TN:
SF:/Users/ederramirez/Sites/mobilender/src/components/Loader.vue
FN:14,(anonymous_0)
FNF:1
FNH:1
FNDA:3,(anonymous_0)
DA:13,2
DA:15,3
LF:2
LH:2
BRF:0
BRH:0
end_of_record
TN:
SF:/Users/ederramirez/Sites/mobilender/src/pages/Login.vue
FN:40,(anonymous_0)
FN:48,validateEmail
FN:53,validateFields
FN:70,(anonymous_3)
FNF:4
FNH:4
FNDA:4,(anonymous_0)
FNDA:3,validateEmail
FNDA:4,validateFields
FNDA:4,(anonymous_3)
DA:32,1
DA:33,1
DA:34,1
DA:35,1
DA:36,1
DA:37,1
DA:38,1
DA:41,4
DA:42,4
DA:43,4
DA:44,4
DA:46,4
DA:49,3
DA:50,3
DA:54,4
DA:55,1
DA:56,1
DA:57,1
DA:60,3
DA:61,1
DA:62,1
DA:63,1
DA:66,2
DA:67,2
DA:70,4
DA:71,4
DA:72,2
DA:74,2
DA:75,2
DA:76,2
DA:80,1
DA:82,1
DA:83,1
DA:84,1
DA:86,2
DA:87,2
DA:91,1
DA:92,1
DA:96,4
LF:39
LH:39
BRDA:54,0,0,1
BRDA:54,0,1,3
BRDA:54,1,0,4
BRDA:54,1,1,3
BRDA:60,2,0,1
BRDA:60,2,1,2
BRDA:71,3,0,2
BRDA:71,3,1,2
BRF:8
BRH:8
end_of_record
